2024-11-22 00:00:15,109 - main_logger - INFO - problem=I like him.,answer=buy It ? I - [user: 10]
2024-11-22 00:00:42,041 - main_logger - INFO - problem=I like him.,answer= - [user: 10]
2024-11-22 00:20:37,266 - main_logger - INFO - --- studyStart --- - [user: 10]
2024-11-22 00:21:07,752 - main_logger - INFO - problem=I like him.,answer=buy It ? I - [user: 10]
2024-11-22 00:21:44,779 - main_logger - INFO - problem=I like him.,answer=buy It ? I - [user: 10]
2024-11-22 00:22:15,300 - main_logger - INFO - problem=I like him.,answer=buy It ? I - [user: 10]
2024-11-22 00:33:59,063 - main_logger - INFO - --- studyStart --- - [user: 10]
2024-11-22 00:35:40,932 - main_logger - INFO - problem=I like him.,answer=could yours bought , - [user: 10]
2024-11-22 00:35:59,858 - main_logger - INFO - problem=I like him.,answer=We not went room ! - [user: 10]
2024-11-22 00:36:09,681 - main_logger - INFO - problem=I like him.,answer=We not went room ! - [user: 10]
2024-11-22 00:36:24,398 - main_logger - INFO - problem=I like him.,answer=why loved You John , - [user: 10]
2024-11-22 00:36:49,946 - main_logger - INFO - problem=I like him.,answer=A People a . never mine - [user: 10]
2024-11-22 00:37:20,537 - main_logger - INFO - problem=I like him.,answer=its People hated my Did his house of love . - [user: 10]
2024-11-22 00:43:03,111 - main_logger - INFO - --- studyStart --- - [user: 10]
2024-11-22 00:44:33,332 - main_logger - INFO - problem=I like him.,answer=buy It ? I - [user: 10]
2024-11-22 00:47:42,187 - main_logger - INFO - --- studyStart --- - [user: 10]
2024-11-22 00:54:03,556 - main_logger - INFO - problem=I like him.,answer=likes kind them Would She house of love ? - [user: 10]
2024-11-22 01:00:20,333 - main_logger - INFO - problem=I like him.,answer=likes kind them Would She house of love ? - [user: 10]
2024-11-22 01:01:49,928 - main_logger - INFO - problem=I like him.,answer=likes kind them Would She house of love ? - [user: 10]
2024-11-22 01:03:14,010 - main_logger - INFO - problem=I like him.,answer=likes kind them Would She house of love ? - [user: 10]
2024-11-22 01:03:14,018 - main_logger - INFO - problem=I like him.,answer=likes kind them Would She house of love ? - [user: 10]
2024-11-22 01:03:14,033 - main_logger - INFO - problem=I like him.,answer=likes kind them Would She house of love ? - [user: 10]
2024-11-22 01:03:14,035 - main_logger - INFO - problem=I like him.,answer=likes kind them Would She house of love ? - [user: 10]
2024-11-22 01:03:14,037 - main_logger - INFO - problem=I like him.,answer=likes kind them Would She house of love ? - [user: 10]
2024-11-22 01:03:14,041 - main_logger - INFO - problem=I like him.,answer=likes kind them Would She house of love ? - [user: 10]
2024-11-22 01:03:14,044 - main_logger - INFO - problem=I like him.,answer=likes kind them Would She house of love ? - [user: 10]
2024-11-22 01:03:14,050 - main_logger - INFO - problem=I like him.,answer=rooms kind them Would Pretty house liked love Would - [user: 10]
2024-11-22 01:03:14,052 - main_logger - INFO - problem=I like him.,answer=likes Would loved Would She rooms of They ? - [user: 10]
2024-11-22 01:03:14,056 - main_logger - INFO - problem=I like him.,answer=likes kind them Would She house of love ? - [user: 10]
2024-11-22 01:03:15,938 - main_logger - INFO - problem=I like him.,answer=likes kind them Would She house of love ? - [user: 10]
2024-11-22 01:03:15,940 - main_logger - INFO - problem=I like him.,answer=likes kind them Would She house of love ? - [user: 10]
2024-11-22 01:03:15,943 - main_logger - INFO - problem=I like him.,answer=likes kind them Would She house of love ? - [user: 10]
2024-11-22 01:03:15,945 - main_logger - INFO - problem=I like him.,answer=likes kind them Would She house of love ? - [user: 10]
2024-11-22 01:03:15,947 - main_logger - INFO - problem=I like him.,answer=likes kind them Would She house of love ? - [user: 10]
2024-11-22 01:03:15,951 - main_logger - INFO - problem=I like him.,answer=likes kind them Would She house of love ? - [user: 10]
2024-11-22 01:03:18,778 - main_logger - INFO - problem=I like him.,answer=likes kind them ? She house of love ? - [user: 10]
2024-11-22 01:03:19,912 - main_logger - INFO - problem=I like him.,answer=likes kind them Would She house of love ? - [user: 10]
2024-11-22 01:03:20,841 - main_logger - INFO - problem=I like him.,answer=likes kind them Would She house of love ? - [user: 10]
2024-11-22 01:03:20,846 - main_logger - INFO - problem=I like him.,answer=house kind them kind house will love kind - [user: 10]
2024-11-22 01:03:20,848 - main_logger - INFO - problem=I like him.,answer=likes kind them Would She house of love ? - [user: 10]
2024-11-22 01:03:20,852 - main_logger - INFO - problem=I like him.,answer=likes kind them Would She house of love ? - [user: 10]
2024-11-22 01:03:21,801 - main_logger - INFO - problem=I like him.,answer=likes kind them Would She house of love ? - [user: 10]
2024-11-22 01:03:22,738 - main_logger - INFO - problem=I like him.,answer=rooms kind them Would Pretty house liked love Would - [user: 10]
2024-11-22 01:03:22,944 - main_logger - INFO - problem=I like him.,answer=likes kind them Would She house of love ? - [user: 10]
2024-11-22 01:03:25,974 - main_logger - INFO - problem=I like him.,answer=likes kind them Would She house of love ? - [user: 10]
2024-11-22 01:03:26,910 - main_logger - INFO - problem=I like him.,answer=likes kind them ? She house of love ? - [user: 10]
2024-11-22 01:03:27,852 - main_logger - INFO - problem=I like him.,answer=likes kind them Would She house of love ? - [user: 10]
2024-11-22 01:03:27,857 - main_logger - INFO - problem=I like him.,answer=rooms kind them Would Pretty house liked love Would - [user: 10]
2024-11-22 01:03:27,861 - main_logger - INFO - problem=I like him.,answer=likes kind them Would She house of love ? - [user: 10]
2024-11-22 01:03:28,819 - main_logger - INFO - problem=I like him.,answer=likes kind them Would She house of love ? - [user: 10]
2024-11-22 01:03:30,897 - main_logger - INFO - problem=I like him.,answer=likes kind them Would She house of love ? - [user: 10]
2024-11-22 01:07:42,045 - main_logger - INFO - --- studyStart --- - [user: 10]
2024-11-22 01:07:48,037 - main_logger - INFO - problem=I like him.,answer=likes kind them Would She house of love ? - [user: 10]
2024-11-22 01:08:50,151 - main_logger - INFO - problem=I like him.,answer=likes kind them Would She house of love ? - [user: 10]
2024-11-22 01:08:53,830 - main_logger - INFO - problem=I like him.,answer=likes kind them Would She house of love ? - [user: 10]
2024-11-22 01:08:57,532 - main_logger - INFO - problem=I like him.,answer=likes kind them Would She house of love ? - [user: 10]
2024-11-22 01:09:00,837 - main_logger - INFO - problem=I like him.,answer=likes kind them Would She house of love ? - [user: 10]
2024-11-22 01:09:04,530 - main_logger - INFO - problem=I like him.,answer=likes kind them Would She house of love ? - [user: 10]
2024-11-22 01:09:09,257 - main_logger - INFO - problem=I like him.,answer=likes kind them Would She house of love ? - [user: 10]
2024-11-22 01:09:15,372 - main_logger - INFO - problem=I like him.,answer=likes kind them Would She house of love ? - [user: 10]
2024-11-22 01:09:15,377 - main_logger - INFO - problem=I like him.,answer=likes kind them Would She house of love ? - [user: 10]
2024-11-22 01:09:17,165 - main_logger - INFO - problem=I like him.,answer=likes kind them Would She house of love ? - [user: 10]
2024-11-22 01:09:23,200 - main_logger - INFO - problem=I like him.,answer=likes kind them Would She house of love ? - [user: 10]
2024-11-22 01:09:23,202 - main_logger - INFO - problem=I like him.,answer=likes kind them Would She house of love ? - [user: 10]
2024-11-22 01:09:25,626 - main_logger - INFO - problem=I like him.,answer=likes kind them Would She house of love ? - [user: 10]
2024-11-22 01:09:29,371 - main_logger - INFO - problem=I like him.,answer=likes kind them Would She house of love ? - [user: 10]
2024-11-22 01:09:31,135 - main_logger - INFO - problem=I like him.,answer=likes kind them Would She house of love ? - [user: 10]
2024-11-22 01:09:31,952 - main_logger - INFO - problem=I like him.,answer=likes kind them Would She house of love ? - [user: 10]
2024-11-22 01:09:35,168 - main_logger - INFO - problem=I like him.,answer=likes kind them Would She house of love ? - [user: 10]
2024-11-22 01:09:38,703 - main_logger - INFO - problem=I like him.,answer=likes kind them Would She house of love ? - [user: 10]
2024-11-22 01:09:38,708 - main_logger - INFO - problem=I like him.,answer=likes kind them Would She house of love ? - [user: 10]
2024-11-22 01:09:43,926 - main_logger - INFO - problem=I like him.,answer=likes kind them Would She house of love ? - [user: 10]
2024-11-22 01:09:43,928 - main_logger - INFO - problem=I like him.,answer=likes kind them Would She house of love ? - [user: 10]
2024-11-22 01:09:46,363 - main_logger - INFO - problem=I like him.,answer=likes kind them Would She house of love ? - [user: 10]
2024-11-22 01:09:50,045 - main_logger - INFO - problem=I like him.,answer=likes kind them Would She house of love ? - [user: 10]
2024-11-22 01:09:53,411 - main_logger - INFO - problem=I like him.,answer=likes kind them Would She house of love ? - [user: 10]
